<html>
<head>
<title>TestNG:  Test</title>
<link href="../testng.css" rel="stylesheet" type="text/css" />
<link href="../my-testng.css" rel="stylesheet" type="text/css" />

<style type="text/css">
.log { display: none;} 
.stack-trace { display: none;} 
</style>
<script type="text/javascript">
<!--
function flip(e) {
  current = e.style.display;
  if (current == 'block') {
    e.style.display = 'none';
    return 0;
  }
  else {
    e.style.display = 'block';
    return 1;
  }
}

function toggleBox(szDivId, elem, msg1, msg2)
{
  var res = -1;  if (document.getElementById) {
    res = flip(document.getElementById(szDivId));
  }
  else if (document.all) {
    // this is the way old msie versions work
    res = flip(document.all[szDivId]);
  }
  if(elem) {
    if(res == 0) elem.innerHTML = msg1; else elem.innerHTML = msg2;
  }

}

function toggleAllBoxes() {
  if (document.getElementsByTagName) {
    d = document.getElementsByTagName('div');
    for (i = 0; i < d.length; i++) {
      if (d[i].className == 'log') {
        flip(d[i]);
      }
    }
  }
}

// -->
</script>

</head>
<body>
<h2 align='center'>Test</h2><table border='1' align="center">
<tr>
<td>Tests passed/Failed/Skipped:</td><td>13/2/0</td>
</tr><tr>
<td>Started on:</td><td>Fri Feb 18 20:51:04 IST 2022</td>
</tr>
<tr><td>Total time:</td><td>20 seconds (20894 ms)</td>
</tr><tr>
<td>Included groups:</td><td></td>
</tr><tr>
<td>Excluded groups:</td><td></td>
</tr>
</table><p/>
<small><i>(Hover the method name to see the test class name)</i></small><p/>
<table width='100%' border='1' class='invocation-failed'>
<tr><td colspan='4' align='center'><b>FAILED TESTS</b></td></tr>
<tr><td><b>Test method</b></td>
<td width="30%"><b>Exception</b></td>
<td width="10%"><b>Time (seconds)</b></td>
<td><b>Instance</b></td>
</tr>
<tr>
<td title='neogrowth.Tests.RegisterFormTests.enterInvlaidEmail()'><b>enterInvlaidEmail</b><br>Test class: neogrowth.Tests.RegisterFormTests</td>
<td><div><pre>java.lang.AssertionError: expected [Please enter a valid email address] but found [Please enter a valid email addres]
	at neogrowth.pageObjects.RegisterPageObjects.enterInvlaidEmail(RegisterPageObjects.java:111)
	at neogrowth.Tests.RegisterFormTests.enterInvlaidEmail(RegisterFormTests.java:81)
	at java.base/java.util.ArrayList.forEach(ArrayList.java:1511)
... Removed 37 stack frames</pre></div><a href='#' onClick='toggleBox("stack-trace250448141", this, "Click to show all stack frames", "Click to hide stack frames")'>Click to show all stack frames</a>
<div class='stack-trace' id='stack-trace250448141'><pre>java.lang.AssertionError: expected [Please enter a valid email address] but found [Please enter a valid email addres]
	at org.testng.Assert.fail(Assert.java:110)
	at org.testng.Assert.failNotEquals(Assert.java:1413)
	at org.testng.Assert.assertEqualsImpl(Assert.java:149)
	at org.testng.Assert.assertEquals(Assert.java:131)
	at org.testng.Assert.assertEquals(Assert.java:655)
	at org.testng.Assert.assertEquals(Assert.java:665)
	at neogrowth.pageObjects.RegisterPageObjects.enterInvlaidEmail(RegisterPageObjects.java:111)
	at neogrowth.Tests.RegisterFormTests.enterInvlaidEmail(RegisterFormTests.java:81)
	at java.base/jdk.internal.reflect.NativeMethodAccessorImpl.invoke0(Native Method)
	at java.base/jdk.internal.reflect.NativeMethodAccessorImpl.invoke(NativeMethodAccessorImpl.java:77)
	at java.base/jdk.internal.reflect.DelegatingMethodAccessorImpl.invoke(DelegatingMethodAccessorImpl.java:43)
	at java.base/java.lang.reflect.Method.invoke(Method.java:568)
	at org.testng.internal.invokers.MethodInvocationHelper.invokeMethod(MethodInvocationHelper.java:135)
	at org.testng.internal.invokers.TestInvoker.invokeMethod(TestInvoker.java:673)
	at org.testng.internal.invokers.TestInvoker.invokeTestMethod(TestInvoker.java:220)
	at org.testng.internal.invokers.MethodRunner.runInSequence(MethodRunner.java:50)
	at org.testng.internal.invokers.TestInvoker$MethodInvocationAgent.invoke(TestInvoker.java:945)
	at org.testng.internal.invokers.TestInvoker.invokeTestMethods(TestInvoker.java:193)
	at org.testng.internal.invokers.TestMethodWorker.invokeTestMethods(TestMethodWorker.java:146)
	at org.testng.internal.invokers.TestMethodWorker.run(TestMethodWorker.java:128)
	at java.base/java.util.ArrayList.forEach(ArrayList.java:1511)
	at org.testng.TestRunner.privateRun(TestRunner.java:808)
	at org.testng.TestRunner.run(TestRunner.java:603)
	at org.testng.SuiteRunner.runTest(SuiteRunner.java:429)
	at org.testng.SuiteRunner.runSequentially(SuiteRunner.java:423)
	at org.testng.SuiteRunner.privateRun(SuiteRunner.java:383)
	at org.testng.SuiteRunner.run(SuiteRunner.java:326)
	at org.testng.SuiteRunnerWorker.runSuite(SuiteRunnerWorker.java:52)
	at org.testng.SuiteRunnerWorker.run(SuiteRunnerWorker.java:95)
	at org.testng.TestNG.runSuitesSequentially(TestNG.java:1249)
	at org.testng.TestNG.runSuitesLocally(TestNG.java:1169)
	at org.testng.TestNG.runSuites(TestNG.java:1092)
	at org.testng.TestNG.run(TestNG.java:1060)
	at org.apache.maven.surefire.testng.TestNGExecutor.run(TestNGExecutor.java:284)
	at org.apache.maven.surefire.testng.TestNGXmlTestSuite.execute(TestNGXmlTestSuite.java:75)
	at org.apache.maven.surefire.testng.TestNGProvider.invoke(TestNGProvider.java:119)
	at org.apache.maven.surefire.booter.ForkedBooter.runSuitesInProcess(ForkedBooter.java:428)
	at org.apache.maven.surefire.booter.ForkedBooter.execute(ForkedBooter.java:162)
	at org.apache.maven.surefire.booter.ForkedBooter.run(ForkedBooter.java:562)
	at org.apache.maven.surefire.booter.ForkedBooter.main(ForkedBooter.java:548)
</pre></div></td>
<td>0</td>
<td>neogrowth.Tests.RegisterFormTests@34a97744</td></tr>
<tr>
<td title='neogrowth.Tests.RegisterFormTests.enterInvlaidPhoneNumber()'><b>enterInvlaidPhoneNumber</b><br>Test class: neogrowth.Tests.RegisterFormTests</td>
<td><div><pre>java.lang.AssertionError: expected [Please enter a valid phone number] but found [Please enter a valid phone numbe]
	at neogrowth.pageObjects.RegisterPageObjects.enterInvlaidPhoneNumber(RegisterPageObjects.java:64)
	at neogrowth.Tests.RegisterFormTests.enterInvlaidPhoneNumber(RegisterFormTests.java:68)
	at java.base/java.util.ArrayList.forEach(ArrayList.java:1511)
... Removed 37 stack frames</pre></div><a href='#' onClick='toggleBox("stack-trace2035225037", this, "Click to show all stack frames", "Click to hide stack frames")'>Click to show all stack frames</a>
<div class='stack-trace' id='stack-trace2035225037'><pre>java.lang.AssertionError: expected [Please enter a valid phone number] but found [Please enter a valid phone numbe]
	at org.testng.Assert.fail(Assert.java:110)
	at org.testng.Assert.failNotEquals(Assert.java:1413)
	at org.testng.Assert.assertEqualsImpl(Assert.java:149)
	at org.testng.Assert.assertEquals(Assert.java:131)
	at org.testng.Assert.assertEquals(Assert.java:655)
	at org.testng.Assert.assertEquals(Assert.java:665)
	at neogrowth.pageObjects.RegisterPageObjects.enterInvlaidPhoneNumber(RegisterPageObjects.java:64)
	at neogrowth.Tests.RegisterFormTests.enterInvlaidPhoneNumber(RegisterFormTests.java:68)
	at java.base/jdk.internal.reflect.NativeMethodAccessorImpl.invoke0(Native Method)
	at java.base/jdk.internal.reflect.NativeMethodAccessorImpl.invoke(NativeMethodAccessorImpl.java:77)
	at java.base/jdk.internal.reflect.DelegatingMethodAccessorImpl.invoke(DelegatingMethodAccessorImpl.java:43)
	at java.base/java.lang.reflect.Method.invoke(Method.java:568)
	at org.testng.internal.invokers.MethodInvocationHelper.invokeMethod(MethodInvocationHelper.java:135)
	at org.testng.internal.invokers.TestInvoker.invokeMethod(TestInvoker.java:673)
	at org.testng.internal.invokers.TestInvoker.invokeTestMethod(TestInvoker.java:220)
	at org.testng.internal.invokers.MethodRunner.runInSequence(MethodRunner.java:50)
	at org.testng.internal.invokers.TestInvoker$MethodInvocationAgent.invoke(TestInvoker.java:945)
	at org.testng.internal.invokers.TestInvoker.invokeTestMethods(TestInvoker.java:193)
	at org.testng.internal.invokers.TestMethodWorker.invokeTestMethods(TestMethodWorker.java:146)
	at org.testng.internal.invokers.TestMethodWorker.run(TestMethodWorker.java:128)
	at java.base/java.util.ArrayList.forEach(ArrayList.java:1511)
	at org.testng.TestRunner.privateRun(TestRunner.java:808)
	at org.testng.TestRunner.run(TestRunner.java:603)
	at org.testng.SuiteRunner.runTest(SuiteRunner.java:429)
	at org.testng.SuiteRunner.runSequentially(SuiteRunner.java:423)
	at org.testng.SuiteRunner.privateRun(SuiteRunner.java:383)
	at org.testng.SuiteRunner.run(SuiteRunner.java:326)
	at org.testng.SuiteRunnerWorker.runSuite(SuiteRunnerWorker.java:52)
	at org.testng.SuiteRunnerWorker.run(SuiteRunnerWorker.java:95)
	at org.testng.TestNG.runSuitesSequentially(TestNG.java:1249)
	at org.testng.TestNG.runSuitesLocally(TestNG.java:1169)
	at org.testng.TestNG.runSuites(TestNG.java:1092)
	at org.testng.TestNG.run(TestNG.java:1060)
	at org.apache.maven.surefire.testng.TestNGExecutor.run(TestNGExecutor.java:284)
	at org.apache.maven.surefire.testng.TestNGXmlTestSuite.execute(TestNGXmlTestSuite.java:75)
	at org.apache.maven.surefire.testng.TestNGProvider.invoke(TestNGProvider.java:119)
	at org.apache.maven.surefire.booter.ForkedBooter.runSuitesInProcess(ForkedBooter.java:428)
	at org.apache.maven.surefire.booter.ForkedBooter.execute(ForkedBooter.java:162)
	at org.apache.maven.surefire.booter.ForkedBooter.run(ForkedBooter.java:562)
	at org.apache.maven.surefire.booter.ForkedBooter.main(ForkedBooter.java:548)
</pre></div></td>
<td>0</td>
<td>neogrowth.Tests.RegisterFormTests@34a97744</td></tr>
</table><p>
<table width='100%' border='1' class='invocation-passed'>
<tr><td colspan='4' align='center'><b>PASSED TESTS</b></td></tr>
<tr><td><b>Test method</b></td>
<td width="30%"><b>Exception</b></td>
<td width="10%"><b>Time (seconds)</b></td>
<td><b>Instance</b></td>
</tr>
<tr>
<td title='neogrowth.Tests.RegisterFormTests.acceptDigitalPayments()'><b>acceptDigitalPayments</b><br>Test class: neogrowth.Tests.RegisterFormTests</td>
<td></td>
<td>0</td>
<td>neogrowth.Tests.RegisterFormTests@34a97744</td></tr>
<tr>
<td title='neogrowth.Tests.RegisterFormTests.selectBusinessExperience()'><b>selectBusinessExperience</b><br>Test class: neogrowth.Tests.RegisterFormTests</td>
<td></td>
<td>0</td>
<td>neogrowth.Tests.RegisterFormTests@34a97744</td></tr>
<tr>
<td title='neogrowth.Tests.RegisterFormTests.sumit()'><b>sumit</b><br>Test class: neogrowth.Tests.RegisterFormTests</td>
<td></td>
<td>0</td>
<td>neogrowth.Tests.RegisterFormTests@34a97744</td></tr>
<tr>
<td title='neogrowth.Tests.RegisterFormTests.selectpaymentSince()'><b>selectpaymentSince</b><br>Test class: neogrowth.Tests.RegisterFormTests</td>
<td></td>
<td>0</td>
<td>neogrowth.Tests.RegisterFormTests@34a97744</td></tr>
<tr>
<td title='neogrowth.Tests.RegisterFormTests.selectCity()'><b>selectCity</b><br>Test class: neogrowth.Tests.RegisterFormTests</td>
<td></td>
<td>0</td>
<td>neogrowth.Tests.RegisterFormTests@34a97744</td></tr>
<tr>
<td title='neogrowth.Tests.RegisterFormTests.enterFullname()'><b>enterFullname</b><br>Test class: neogrowth.Tests.RegisterFormTests</td>
<td></td>
<td>4</td>
<td>neogrowth.Tests.RegisterFormTests@34a97744</td></tr>
<tr>
<td title='neogrowth.Tests.RegisterFormTests.enterValidEmail()'><b>enterValidEmail</b><br>Test class: neogrowth.Tests.RegisterFormTests</td>
<td></td>
<td>0</td>
<td>neogrowth.Tests.RegisterFormTests@34a97744</td></tr>
<tr>
<td title='neogrowth.Tests.RegisterFormTests.validateCity()'><b>validateCity</b><br>Test class: neogrowth.Tests.RegisterFormTests</td>
<td></td>
<td>0</td>
<td>neogrowth.Tests.RegisterFormTests@34a97744</td></tr>
<tr>
<td title='neogrowth.Tests.RegisterFormTests.selectMonthlyCardDigitalSales()'><b>selectMonthlyCardDigitalSales</b><br>Test class: neogrowth.Tests.RegisterFormTests</td>
<td></td>
<td>0</td>
<td>neogrowth.Tests.RegisterFormTests@34a97744</td></tr>
<tr>
<td title='neogrowth.Tests.RegisterFormTests.selectAverageMonthlySale()'><b>selectAverageMonthlySale</b><br>Test class: neogrowth.Tests.RegisterFormTests</td>
<td></td>
<td>0</td>
<td>neogrowth.Tests.RegisterFormTests@34a97744</td></tr>
<tr>
<td title='neogrowth.Tests.RegisterFormTests.enterValidPhoneNumber()'><b>enterValidPhoneNumber</b><br>Test class: neogrowth.Tests.RegisterFormTests</td>
<td></td>
<td>0</td>
<td>neogrowth.Tests.RegisterFormTests@34a97744</td></tr>
<tr>
<td title='neogrowth.Tests.RegisterFormTests.selectBusinessIndustry()'><b>selectBusinessIndustry</b><br>Test class: neogrowth.Tests.RegisterFormTests</td>
<td></td>
<td>0</td>
<td>neogrowth.Tests.RegisterFormTests@34a97744</td></tr>
<tr>
<td title='neogrowth.Tests.RegisterFormTests.clickApplyNow()'><b>clickApplyNow</b><br>Test class: neogrowth.Tests.RegisterFormTests</td>
<td></td>
<td>0</td>
<td>neogrowth.Tests.RegisterFormTests@34a97744</td></tr>
</table><p>
</body>
</html>