<?xml version="1.0" encoding="UTF-8"?>
<!-- Generated by org.testng.reporters.JUnitXMLReporter -->
<testsuite ignored="0" hostname="23HW011303" failures="2" tests="15" name="Test" time="20.894" errors="0" timestamp="2022-02-18T20:51:25 IST">
  <testcase classname="neogrowth.Tests.RegisterFormTests" name="clickApplyNow" time="0.813"/>
  <testcase classname="neogrowth.Tests.RegisterFormTests" name="enterFullname" time="4.013"/>
  <testcase classname="neogrowth.Tests.RegisterFormTests" name="validateCity" time="0.48"/>
  <testcase classname="neogrowth.Tests.RegisterFormTests" name="selectCity" time="0.42"/>
  <testcase classname="neogrowth.Tests.RegisterFormTests" name="enterInvlaidPhoneNumber" time="0.775">
    <failure type="java.lang.AssertionError" message="expected [Please enter a valid phone number] but found [Please enter a valid phone numbe]">
      <![CDATA[java.lang.AssertionError: expected [Please enter a valid phone number] but found [Please enter a valid phone numbe]
at neogrowth.pageObjects.RegisterPageObjects.enterInvlaidPhoneNumber(RegisterPageObjects.java:64)
at neogrowth.Tests.RegisterFormTests.enterInvlaidPhoneNumber(RegisterFormTests.java:68)
at java.base/java.util.ArrayList.forEach(ArrayList.java:1511)
... Removed 37 stack frames]]>
    </failure>
  </testcase> <!-- enterInvlaidPhoneNumber -->
  <testcase classname="neogrowth.Tests.RegisterFormTests" name="enterValidPhoneNumber" time="0.335"/>
  <testcase classname="neogrowth.Tests.RegisterFormTests" name="enterInvlaidEmail" time="0.565">
    <failure type="java.lang.AssertionError" message="expected [Please enter a valid email address] but found [Please enter a valid email addres]">
      <![CDATA[java.lang.AssertionError: expected [Please enter a valid email address] but found [Please enter a valid email addres]
at neogrowth.pageObjects.RegisterPageObjects.enterInvlaidEmail(RegisterPageObjects.java:111)
at neogrowth.Tests.RegisterFormTests.enterInvlaidEmail(RegisterFormTests.java:81)
at java.base/java.util.ArrayList.forEach(ArrayList.java:1511)
... Removed 37 stack frames]]>
    </failure>
  </testcase> <!-- enterInvlaidEmail -->
  <testcase classname="neogrowth.Tests.RegisterFormTests" name="enterValidEmail" time="0.268"/>
  <testcase classname="neogrowth.Tests.RegisterFormTests" name="selectBusinessExperience" time="0.245"/>
  <testcase classname="neogrowth.Tests.RegisterFormTests" name="selectAverageMonthlySale" time="0.294"/>
  <testcase classname="neogrowth.Tests.RegisterFormTests" name="selectBusinessIndustry" time="0.324"/>
  <testcase classname="neogrowth.Tests.RegisterFormTests" name="acceptDigitalPayments" time="0.174"/>
  <testcase classname="neogrowth.Tests.RegisterFormTests" name="selectMonthlyCardDigitalSales" time="0.235"/>
  <testcase classname="neogrowth.Tests.RegisterFormTests" name="selectpaymentSince" time="0.27"/>
  <testcase classname="neogrowth.Tests.RegisterFormTests" name="sumit" time="0.084"/>
</testsuite> <!-- Test -->
