<?xml version="1.0" encoding="UTF-8"?>
<testng-results ignored="0" total="15" passed="13" failed="2" skipped="0">
  <reporter-output>
  </reporter-output>
  <suite started-at="2022-02-18T20:51:04 IST" name="Suite" finished-at="2022-02-18T20:51:25 IST" duration-ms="20894">
    <groups>
    </groups>
    <test started-at="2022-02-18T20:51:04 IST" name="Test" finished-at="2022-02-18T20:51:25 IST" duration-ms="20894">
      <class name="neogrowth.Tests.RegisterFormTests">
        <test-method is-config="true" signature="initialize()[pri:0, instance:neogrowth.Tests.RegisterFormTests@34a97744]" started-at="2022-02-18T20:51:04 IST" name="initialize" finished-at="2022-02-18T20:51:14 IST" duration-ms="9998" status="PASS">
          <reporter-output>
          </reporter-output>
        </test-method> <!-- initialize -->
        <test-method signature="clickApplyNow()[pri:1, instance:neogrowth.Tests.RegisterFormTests@34a97744]" started-at="2022-02-18T20:51:14 IST" name="clickApplyNow" finished-at="2022-02-18T20:51:15 IST" duration-ms="813" status="PASS">
          <reporter-output>
          </reporter-output>
        </test-method> <!-- clickApplyNow -->
        <test-method signature="enterFullname()[pri:2, instance:neogrowth.Tests.RegisterFormTests@34a97744]" started-at="2022-02-18T20:51:15 IST" name="enterFullname" finished-at="2022-02-18T20:51:19 IST" duration-ms="4013" status="PASS">
          <reporter-output>
          </reporter-output>
        </test-method> <!-- enterFullname -->
        <test-method signature="validateCity()[pri:3, instance:neogrowth.Tests.RegisterFormTests@34a97744]" started-at="2022-02-18T20:51:19 IST" name="validateCity" finished-at="2022-02-18T20:51:19 IST" duration-ms="480" status="PASS">
          <reporter-output>
          </reporter-output>
        </test-method> <!-- validateCity -->
        <test-method signature="selectCity()[pri:4, instance:neogrowth.Tests.RegisterFormTests@34a97744]" started-at="2022-02-18T20:51:19 IST" name="selectCity" finished-at="2022-02-18T20:51:20 IST" duration-ms="420" status="PASS">
          <reporter-output>
          </reporter-output>
        </test-method> <!-- selectCity -->
        <test-method signature="enterInvlaidPhoneNumber()[pri:5, instance:neogrowth.Tests.RegisterFormTests@34a97744]" started-at="2022-02-18T20:51:20 IST" name="enterInvlaidPhoneNumber" finished-at="2022-02-18T20:51:21 IST" duration-ms="775" status="FAIL">
          <exception class="java.lang.AssertionError">
            <message>
              <![CDATA[expected [Please enter a valid phone number] but found [Please enter a valid phone numbe]]]>
            </message>
            <full-stacktrace>
              <![CDATA[java.lang.AssertionError: expected [Please enter a valid phone number] but found [Please enter a valid phone numbe]
at org.testng.Assert.fail(Assert.java:110)
at org.testng.Assert.failNotEquals(Assert.java:1413)
at org.testng.Assert.assertEqualsImpl(Assert.java:149)
at org.testng.Assert.assertEquals(Assert.java:131)
at org.testng.Assert.assertEquals(Assert.java:655)
at org.testng.Assert.assertEquals(Assert.java:665)
at neogrowth.pageObjects.RegisterPageObjects.enterInvlaidPhoneNumber(RegisterPageObjects.java:64)
at neogrowth.Tests.RegisterFormTests.enterInvlaidPhoneNumber(RegisterFormTests.java:68)
at java.base/jdk.internal.reflect.NativeMethodAccessorImpl.invoke0(Native Method)
at java.base/jdk.internal.reflect.NativeMethodAccessorImpl.invoke(NativeMethodAccessorImpl.java:77)
at java.base/jdk.internal.reflect.DelegatingMethodAccessorImpl.invoke(DelegatingMethodAccessorImpl.java:43)
at java.base/java.lang.reflect.Method.invoke(Method.java:568)
at org.testng.internal.invokers.MethodInvocationHelper.invokeMethod(MethodInvocationHelper.java:135)
at org.testng.internal.invokers.TestInvoker.invokeMethod(TestInvoker.java:673)
at org.testng.internal.invokers.TestInvoker.invokeTestMethod(TestInvoker.java:220)
at org.testng.internal.invokers.MethodRunner.runInSequence(MethodRunner.java:50)
at org.testng.internal.invokers.TestInvoker$MethodInvocationAgent.invoke(TestInvoker.java:945)
at org.testng.internal.invokers.TestInvoker.invokeTestMethods(TestInvoker.java:193)
at org.testng.internal.invokers.TestMethodWorker.invokeTestMethods(TestMethodWorker.java:146)
at org.testng.internal.invokers.TestMethodWorker.run(TestMethodWorker.java:128)
at java.base/java.util.ArrayList.forEach(ArrayList.java:1511)
at org.testng.TestRunner.privateRun(TestRunner.java:808)
at org.testng.TestRunner.run(TestRunner.java:603)
at org.testng.SuiteRunner.runTest(SuiteRunner.java:429)
at org.testng.SuiteRunner.runSequentially(SuiteRunner.java:423)
at org.testng.SuiteRunner.privateRun(SuiteRunner.java:383)
at org.testng.SuiteRunner.run(SuiteRunner.java:326)
at org.testng.SuiteRunnerWorker.runSuite(SuiteRunnerWorker.java:52)
at org.testng.SuiteRunnerWorker.run(SuiteRunnerWorker.java:95)
at org.testng.TestNG.runSuitesSequentially(TestNG.java:1249)
at org.testng.TestNG.runSuitesLocally(TestNG.java:1169)
at org.testng.TestNG.runSuites(TestNG.java:1092)
at org.testng.TestNG.run(TestNG.java:1060)
at org.apache.maven.surefire.testng.TestNGExecutor.run(TestNGExecutor.java:284)
at org.apache.maven.surefire.testng.TestNGXmlTestSuite.execute(TestNGXmlTestSuite.java:75)
at org.apache.maven.surefire.testng.TestNGProvider.invoke(TestNGProvider.java:119)
at org.apache.maven.surefire.booter.ForkedBooter.runSuitesInProcess(ForkedBooter.java:428)
at org.apache.maven.surefire.booter.ForkedBooter.execute(ForkedBooter.java:162)
at org.apache.maven.surefire.booter.ForkedBooter.run(ForkedBooter.java:562)
at org.apache.maven.surefire.booter.ForkedBooter.main(ForkedBooter.java:548)
]]>
            </full-stacktrace>
          </exception> <!-- java.lang.AssertionError -->
          <reporter-output>
          </reporter-output>
        </test-method> <!-- enterInvlaidPhoneNumber -->
        <test-method signature="enterValidPhoneNumber()[pri:6, instance:neogrowth.Tests.RegisterFormTests@34a97744]" started-at="2022-02-18T20:51:21 IST" name="enterValidPhoneNumber" finished-at="2022-02-18T20:51:22 IST" duration-ms="335" status="PASS">
          <reporter-output>
          </reporter-output>
        </test-method> <!-- enterValidPhoneNumber -->
        <test-method signature="enterInvlaidEmail()[pri:7, instance:neogrowth.Tests.RegisterFormTests@34a97744]" started-at="2022-02-18T20:51:22 IST" name="enterInvlaidEmail" finished-at="2022-02-18T20:51:22 IST" duration-ms="565" status="FAIL">
          <exception class="java.lang.AssertionError">
            <message>
              <![CDATA[expected [Please enter a valid email address] but found [Please enter a valid email addres]]]>
            </message>
            <full-stacktrace>
              <![CDATA[java.lang.AssertionError: expected [Please enter a valid email address] but found [Please enter a valid email addres]
at org.testng.Assert.fail(Assert.java:110)
at org.testng.Assert.failNotEquals(Assert.java:1413)
at org.testng.Assert.assertEqualsImpl(Assert.java:149)
at org.testng.Assert.assertEquals(Assert.java:131)
at org.testng.Assert.assertEquals(Assert.java:655)
at org.testng.Assert.assertEquals(Assert.java:665)
at neogrowth.pageObjects.RegisterPageObjects.enterInvlaidEmail(RegisterPageObjects.java:111)
at neogrowth.Tests.RegisterFormTests.enterInvlaidEmail(RegisterFormTests.java:81)
at java.base/jdk.internal.reflect.NativeMethodAccessorImpl.invoke0(Native Method)
at java.base/jdk.internal.reflect.NativeMethodAccessorImpl.invoke(NativeMethodAccessorImpl.java:77)
at java.base/jdk.internal.reflect.DelegatingMethodAccessorImpl.invoke(DelegatingMethodAccessorImpl.java:43)
at java.base/java.lang.reflect.Method.invoke(Method.java:568)
at org.testng.internal.invokers.MethodInvocationHelper.invokeMethod(MethodInvocationHelper.java:135)
at org.testng.internal.invokers.TestInvoker.invokeMethod(TestInvoker.java:673)
at org.testng.internal.invokers.TestInvoker.invokeTestMethod(TestInvoker.java:220)
at org.testng.internal.invokers.MethodRunner.runInSequence(MethodRunner.java:50)
at org.testng.internal.invokers.TestInvoker$MethodInvocationAgent.invoke(TestInvoker.java:945)
at org.testng.internal.invokers.TestInvoker.invokeTestMethods(TestInvoker.java:193)
at org.testng.internal.invokers.TestMethodWorker.invokeTestMethods(TestMethodWorker.java:146)
at org.testng.internal.invokers.TestMethodWorker.run(TestMethodWorker.java:128)
at java.base/java.util.ArrayList.forEach(ArrayList.java:1511)
at org.testng.TestRunner.privateRun(TestRunner.java:808)
at org.testng.TestRunner.run(TestRunner.java:603)
at org.testng.SuiteRunner.runTest(SuiteRunner.java:429)
at org.testng.SuiteRunner.runSequentially(SuiteRunner.java:423)
at org.testng.SuiteRunner.privateRun(SuiteRunner.java:383)
at org.testng.SuiteRunner.run(SuiteRunner.java:326)
at org.testng.SuiteRunnerWorker.runSuite(SuiteRunnerWorker.java:52)
at org.testng.SuiteRunnerWorker.run(SuiteRunnerWorker.java:95)
at org.testng.TestNG.runSuitesSequentially(TestNG.java:1249)
at org.testng.TestNG.runSuitesLocally(TestNG.java:1169)
at org.testng.TestNG.runSuites(TestNG.java:1092)
at org.testng.TestNG.run(TestNG.java:1060)
at org.apache.maven.surefire.testng.TestNGExecutor.run(TestNGExecutor.java:284)
at org.apache.maven.surefire.testng.TestNGXmlTestSuite.execute(TestNGXmlTestSuite.java:75)
at org.apache.maven.surefire.testng.TestNGProvider.invoke(TestNGProvider.java:119)
at org.apache.maven.surefire.booter.ForkedBooter.runSuitesInProcess(ForkedBooter.java:428)
at org.apache.maven.surefire.booter.ForkedBooter.execute(ForkedBooter.java:162)
at org.apache.maven.surefire.booter.ForkedBooter.run(ForkedBooter.java:562)
at org.apache.maven.surefire.booter.ForkedBooter.main(ForkedBooter.java:548)
]]>
            </full-stacktrace>
          </exception> <!-- java.lang.AssertionError -->
          <reporter-output>
          </reporter-output>
        </test-method> <!-- enterInvlaidEmail -->
        <test-method signature="enterValidEmail()[pri:8, instance:neogrowth.Tests.RegisterFormTests@34a97744]" started-at="2022-02-18T20:51:23 IST" name="enterValidEmail" finished-at="2022-02-18T20:51:23 IST" duration-ms="268" status="PASS">
          <reporter-output>
          </reporter-output>
        </test-method> <!-- enterValidEmail -->
        <test-method signature="selectBusinessExperience()[pri:9, instance:neogrowth.Tests.RegisterFormTests@34a97744]" started-at="2022-02-18T20:51:23 IST" name="selectBusinessExperience" finished-at="2022-02-18T20:51:23 IST" duration-ms="245" status="PASS">
          <reporter-output>
          </reporter-output>
        </test-method> <!-- selectBusinessExperience -->
        <test-method signature="selectAverageMonthlySale()[pri:10, instance:neogrowth.Tests.RegisterFormTests@34a97744]" started-at="2022-02-18T20:51:23 IST" name="selectAverageMonthlySale" finished-at="2022-02-18T20:51:23 IST" duration-ms="294" status="PASS">
          <reporter-output>
          </reporter-output>
        </test-method> <!-- selectAverageMonthlySale -->
        <test-method signature="selectBusinessIndustry()[pri:11, instance:neogrowth.Tests.RegisterFormTests@34a97744]" started-at="2022-02-18T20:51:23 IST" name="selectBusinessIndustry" finished-at="2022-02-18T20:51:24 IST" duration-ms="324" status="PASS">
          <reporter-output>
          </reporter-output>
        </test-method> <!-- selectBusinessIndustry -->
        <test-method signature="acceptDigitalPayments()[pri:12, instance:neogrowth.Tests.RegisterFormTests@34a97744]" started-at="2022-02-18T20:51:24 IST" name="acceptDigitalPayments" finished-at="2022-02-18T20:51:24 IST" duration-ms="174" status="PASS">
          <reporter-output>
          </reporter-output>
        </test-method> <!-- acceptDigitalPayments -->
        <test-method signature="selectMonthlyCardDigitalSales()[pri:0, instance:neogrowth.Tests.RegisterFormTests@34a97744]" started-at="2022-02-18T20:51:24 IST" name="selectMonthlyCardDigitalSales" finished-at="2022-02-18T20:51:24 IST" depends-on-methods="neogrowth.Tests.RegisterFormTests.acceptDigitalPayments" duration-ms="235" status="PASS">
          <reporter-output>
          </reporter-output>
        </test-method> <!-- selectMonthlyCardDigitalSales -->
        <test-method signature="selectpaymentSince()[pri:0, instance:neogrowth.Tests.RegisterFormTests@34a97744]" started-at="2022-02-18T20:51:24 IST" name="selectpaymentSince" finished-at="2022-02-18T20:51:24 IST" depends-on-methods="neogrowth.Tests.RegisterFormTests.acceptDigitalPayments" duration-ms="270" status="PASS">
          <reporter-output>
          </reporter-output>
        </test-method> <!-- selectpaymentSince -->
        <test-method signature="sumit()[pri:13, instance:neogrowth.Tests.RegisterFormTests@34a97744]" started-at="2022-02-18T20:51:24 IST" name="sumit" finished-at="2022-02-18T20:51:25 IST" duration-ms="84" status="PASS">
          <reporter-output>
          </reporter-output>
        </test-method> <!-- sumit -->
        <test-method is-config="true" signature="teardown()[pri:0, instance:neogrowth.Tests.RegisterFormTests@34a97744]" started-at="2022-02-18T20:51:25 IST" name="teardown" finished-at="2022-02-18T20:51:25 IST" duration-ms="393" status="PASS">
          <reporter-output>
          </reporter-output>
        </test-method> <!-- teardown -->
      </class> <!-- neogrowth.Tests.RegisterFormTests -->
    </test> <!-- Test -->
  </suite> <!-- Suite -->
</testng-results>
